Sun, 25 Sep 2016 13:38:52 GMT i18n:debug will use /Users/ze/Desktop/huoshui/huoshui-backend-sailsjs/config/locales/en.json
Sun, 25 Sep 2016 13:38:52 GMT i18n:debug read /Users/ze/Desktop/huoshui/huoshui-backend-sailsjs/config/locales/en.json for locale: en
Sun, 25 Sep 2016 13:38:52 GMT i18n:debug will use /Users/ze/Desktop/huoshui/huoshui-backend-sailsjs/config/locales/es.json
Sun, 25 Sep 2016 13:38:52 GMT i18n:debug read /Users/ze/Desktop/huoshui/huoshui-backend-sailsjs/config/locales/es.json for locale: es
Sun, 25 Sep 2016 13:38:52 GMT i18n:debug will use /Users/ze/Desktop/huoshui/huoshui-backend-sailsjs/config/locales/fr.json
Sun, 25 Sep 2016 13:38:52 GMT i18n:debug read /Users/ze/Desktop/huoshui/huoshui-backend-sailsjs/config/locales/fr.json for locale: fr
Sun, 25 Sep 2016 13:38:52 GMT i18n:debug will use /Users/ze/Desktop/huoshui/huoshui-backend-sailsjs/config/locales/de.json
Sun, 25 Sep 2016 13:38:52 GMT i18n:debug read /Users/ze/Desktop/huoshui/huoshui-backend-sailsjs/config/locales/de.json for locale: de
[34mdebug: [39mseeding schools
[34mdebug: [39m-------------------------------------------------------
[34mdebug: [39m:: Sun Sep 25 2016 09:38:59 GMT-0400 (EDT)
[34mdebug: [39mEnvironment : development
[34mdebug: [39mPort        : 1337
[34mdebug: [39m-------------------------------------------------------
[34mdebug: [39mseeding dept
[34mdebug: [39mseeding positions
[34mdebug: [39mseeding elective
[34mdebug: [39mseeding tags
[34mdebug: [39mseeding users
[34mdebug: [39mseeding profs
[34mdebug: [39mseeding course
[31merror: [39merror ç‹ä¸€å¸†
[31merror: [39merror é»„å¾·æ˜
[31merror: [39merror ç‹ç³
[31merror: [39merror èµµä¸–æ˜¥
[31merror: [39merror é’±æ°¸ä¹…
[31merror: [39merror å¼ å¼‚
[31merror: [39merror èµµå½¦è¾‰
[31merror: [39merror é«˜å‡¡ 
[31merror: [39merror ç‹å›½è‰¯
[31merror: [39merror æå©§
[31merror: [39merror å­™å½¦æ–‡
[31merror: [39merror èµµæ¢¨åˆ©
[31merror: [39merror å­™æ´ªä¼Ÿ
[31merror: [39merror è°¢å½¬
[31merror: [39merror é½æ–‡æµ¦
[31merror: [39merror Joe
[34mdebug: [39mseeding compeleted
[31merror: [39merror èµµæ¢¨åˆ©
[31merror: [39merror çººæ¾
[31merror: [39merror æ¨å©§
[31merror: [39merror å§šäºšç¼
[31merror: [39merror ç‹å¥
[31merror: [39merror ç‰›éŸ¶æ–
[31merror: [39merror è‚–èŠƒ
[31merror: [39merror ææ…•å°§
[31merror: [39merror Janie
[31merror: [39merror æ™¯å¾
[31merror: [39merror å¼ ç¨‹å´§
[31merror: [39merror Janie
[31merror: [39merror é¾™è‰³ç§‹
[31merror: [39merror æè‹¥çº
[31merror: [39merror æŸ³æ ‹å‡
[31merror: [39merror Janie
[31merror: [39merror æ²ˆæ˜Œç¥¥
[31merror: [39merror é—¨æ»¡æ´²
[31merror: [39merror ç‹ç§©æ–‡
[31merror: [39merror Janie
[31merror: [39merror è‚–èŠƒ
[31merror: [39merror èµµå½¦è¾‰
[31merror: [39merror é™ˆå¨…
[31merror: [39merror æ¨é¢–æ…§
[31merror: [39merror é»„å›½åº†
[31merror: [39merror éƒ­åº­é¸¿
[31merror: [39merror èµµå³¥
[31merror: [39merror å­™æ´ªä¼Ÿ
[31merror: [39merror è’‹å°å¿ 
[31merror: [39merror è¾›æ¯…
[31merror: [39merror å†¯æ·‘ç´
[31merror: [39merror æ¢ä¸œ
[31merror: [39merror é—¨æ»¡æ´²
[31merror: [39merror é™ˆéªŠç 
[31merror: [39merror é™ˆéªŠç 
[31merror: [39merror æ–¹ç€š
[31merror: [39merror å¼ å“²
[31merror: [39merror æ–½ç„•è®­
[31merror: [39merror ä»»å‡¯åˆ©
[31merror: [39merror ä¾¯é‘«å°§
[31merror: [39merror å¶å˜‰è¹
[31merror: [39merror å®‹ç¾é¾„
[31merror: [39merror å§šäºšç¼
[31merror: [39merror ææ˜æ°´
[31merror: [39merror é»„å¾·æ˜
[31merror: [39merror é™ˆéªŠç 
[31merror: [39merror èµµå³¥
[31merror: [39merror ä¸è¯¦
[31merror: [39merror Joe
[31merror: [39merror ä¾¯é‘«å°§
[31merror: [39merror é³èªæ¯…
[31merror: [39merror Joe
[31merror: [39merror æ¨é¢–æ…§
[31merror: [39merror ä»»å‡¯åˆ©
[31merror: [39merror Jenni
[31merror: [39merror å‘¨è™¹éœ
[31merror: [39merror æ˜“æ¬
[31merror: [39merror å¼ å¼‚
[31merror: [39merror ç‹ç§©æ–‡
[31merror: [39merror æ½˜ä¸œ
[31merror: [39merror ç‹åº”è‰¯
[31merror: [39merror é³èªæ¯…
[31merror: [39merror æ´ªè¾°ç¥
[31merror: [39merror æ™ºè¹‡æ˜
[31merror: [39merror å¼ ç¨‹å´§
[31merror: [39merror Jenni
[31merror: [39merror å¼ æƒ æ°‘
[31merror: [39merror éƒ­åº­é¸¿
[31merror: [39merror æ—é”¦ç…Œ
[31merror: [39merror æå©§
[31merror: [39merror é™ˆéªŠç 
[31merror: [39merror è”¡æ–°é¹
[31merror: [39merror èµµæ‰
[31merror: [39merror å´å½¦å¦®
[31merror: [39merror ç‰›éŸ¶æ–
[31merror: [39merror éƒ­åº­é¸¿
[31merror: [39merror æ•™å­¦å›¢é˜Ÿ
[31merror: [39merror å€™ç£Š
[31merror: [39merror é¾šå¿—å‹‡
[31merror: [39merror å¼ ç¨‹å´§
[31merror: [39merror é™ˆä»²ä¸¹
[31merror: [39merror å¼ å“²
[31merror: [39merror éŸ©ç‘
[31merror: [39merror ç‹æœé˜³
[31merror: [39merror æ–¹ç€š
[31merror: [39merror æ—é™éŸ³
[31merror: [39merror è¾›æ¯…
[31merror: [39merror èµµçƒ¨
[31merror: [39merror èµµä¸–æ˜¥
