视阅口译 王慧
科技翻译 钟焱
第二外语III（日语） 王欢
第二外语III（日语） 崔龙
第二外语III（日语） 应阿妮
第二外语III（德语） 严学玉
文学翻译 赵蓉
同声传译2 王慧
基础法语B1 旷娟
法语口语1 温杨
日语快速阅读1 陈动英
英语阅读3 沈一新
基础英语读写Ⅰ 王永华
汉英应用文对比与写作 张永莉
高级英语读写 I 王永华
基础英语听译I 李勇
外台英语听译I 但鸽
情景口语与交际 Dominic
英语影视文化赏析 秦峰
英语语音 张永莉
欧盟与中国 莫光华
英语综合能力MⅠ 兰萍
英语综合能力MⅠ 唐跃勤
英语综合能力MⅠ 杨安文
英语综合能力MⅠ 易红
英语综合能力MⅠ 张睿
英语视听说Ⅲ 王慧
通用学术英语 潘小燕
通用学术英语 胡霞
通用学术英语 刘波
通用学术英语 沈一新
英语Ⅰ 陈华
英语Ⅰ 黎明
英语Ⅰ 陈小鸥
英语Ⅰ 黄朝华
英语Ⅰ 李继亚
英语Ⅰ 田田
英语Ⅰ 廖崇德
英语Ⅰ 苗妙
英语Ⅰ 欧邦明
英语Ⅰ 肖虹
英语Ⅰ 杨世蓉
英语Ⅰ 张维
英美短篇小说选读 郑博仁
英美社会与文化 钱亚旭
日语古典文法 曾建
汉译德 华少庠
德语文学选读I 莫光华
高级德语视听说 张杨
法国国情学 张粲
中国典籍阅读与法语翻译 陈蜀玉
法国影视 温杨
法语论文写作 温杨
法语词汇学 张粲
汉语文字学与训诂学 甘玲
教育理论 王昕
西方汉学 任显楷
中国书画及赏析 高岚
商务英语 李晓力
日文学术论文写作 崔龙
第二外语III（俄语） 叶琳
工程笔译 戴若愚
商务笔译 张永莉
汉英语对比翻译 俞森林
中级法语I 唐佳路
德语初级语法AI 唐弦韵
英美文学名著影视赏析 郑博仁
英语泛读：第二语言习得 徐晓燕
英语说明文写作 钱亚旭
中华才艺培训 王俊棋
综合英语AⅠ 曾宇霞
建筑设计原理Ⅱ 张樱子
绿色建筑学概论 毛良河
建筑历史 田凯
建筑历史 熊瑛
园林植物基础与应用 陈菡
地理信息系统应用 汤家法
城市规划原理Ⅲ（英文） 濮莉
建筑性能化防火设计 林鹏
景观植物应用 黄瑞
中国园林史 周斯翔
建筑构造1 朱元友
建筑设计基础Ⅰ 李路
建筑设计基础Ⅰ 周密
建筑设计基础Ⅰ 万江
建筑设计基础Ⅰ 张樱子
建筑设计基础Ⅰ 熊瑛
建筑设计基础Ⅰ 冯永婧
建筑设计基础Ⅰ 赵爽峰
建筑设计基础Ⅰ 冯月
建筑设计B1-1 高伟
建筑设计B1-1 李婧
建筑设计B1-1 袁红
建筑设计B1-1 贾玲利
建筑设计B1-1 郭庭鸿
建筑设计B1-1 濮莉
建筑设计B1-1 刘弘涛
建筑设计B1-1 牛韶斐
建筑设计B1-2 黄媛
建筑设计B1-2 袁红
建筑设计B1-2 张毅捷
建筑设计B1-2 贾玲利
建筑设计B1-2 濮莉
建筑设计B1-2 刘弘涛
建筑设计B1-2 牛韶斐
建筑设计B3-1 冯永婧
建筑设计B3-1 胡劲松
建筑设计B3-1 高伟
建筑设计B3-1 王晓南
建筑设计B3-1 周斯翔
建筑设计B3-1 王立品
建筑设计B3-1 郭庭鸿
建筑设计B3-2 胡劲松
建筑设计B3-2 张樱子
建筑设计B3-2 杨春燕
建筑设计B3-2 靳聪毅
建筑设计B3-2 周斯翔
建筑设计B3-2 王立品
建筑设计B3-2 赵晓亮
建筑设计B3-2 郭庭鸿
建筑设计A5-1 徐涛
建筑设计A5-1 林荣
建筑设计A5-1 王侃
建筑设计A5-1 朱元友
建筑设计A5-1 李异
建筑设计A5-2 蔡燕歆
建筑设计A5-2 徐涛
建筑设计A5-2 王侃
建筑设计A5-2 朱元友
景观规划设计2-1 姜辉东
景观规划设计2-1 杨矫
景观规划设计2-1 李翔
景观规划设计2-2 傅娅
景观规划设计2-2 杨青娟
建筑与设计导论 耿化民
中国建筑概览 田凯
城市道路与交通规划Ⅱ 崔叙
空间视觉造型 邓敬
BadProfPosition: 材料成型加工基础 朱宗涛
材料成型加工基础 朱宗涛
表面工程技术 李远星
BadProfPosition: 新材料导论 权高峰
新材料导论 权高峰
BadProfPosition: 新材料导论 尹冬弟
新材料导论 尹冬弟
高分子物理 王勇
BadProfPosition: 材料制备技术 董立新
材料制备技术 董立新
生物化学B 卢晓英
BadProfPosition: 生物医学工程基础 陈俊英
生物医学工程基础 陈俊英
分子生物学 周嘉裕
高分子材料及应用 胡书春
BadProfPosition: 材料科学基础AⅠ 蒋小松
材料科学基础AⅠ 蒋小松
BadProfPosition: 材料科学基础AⅠ 张英波
材料科学基础AⅠ 张英波
BadProfPosition: 材料科学基础AⅡ 尹冬弟
材料科学基础AⅡ 尹冬弟
BadProfPosition: 材料力学性能 韩靖
材料力学性能 韩靖
BadProfPosition: 材料力学性能 戴光泽
材料力学性能 戴光泽
BadProfPosition: 焊接方法及设备综合实验 吕其兵
焊接方法及设备综合实验 吕其兵
高速铁路焊接技术 戴虹
生物材料表面工程（双语） 景凤娟
材料科学基础BI（双语） 刘力菱
组织工程与药物控制释放（双语） 李孝红
BadProfPosition: 医疗仪器与人类健康 常向荣
医疗仪器与人类健康 常向荣
BadProfPosition: 材料弹塑料性及有限元基础 陈静青
材料弹塑料性及有限元基础 陈静青
BadProfPosition: 医疗器械及其材料生产工艺1 赵元聪
医疗器械及其材料生产工艺1 赵元聪
BadProfPosition: 生物医学工程实验安全与规范 周杰
生物医学工程实验安全与规范 周杰
BadProfPosition: 大学物理实验MII 魏云
大学物理实验MII 魏云
材料力学M 龚晖
力学与工程概论 朱志武
大学生爱情心理学 何立群
数学专题选讲 赵海良
无线通信网络 李里
单片机原理与应用（机械） 李艳萍
新生成长发展指导与训练 何立群
环境生态学 张建强
环境生态学 杨红薇
BadProfPosition: 环境保护与可持续发展 刘建
环境保护与可持续发展 刘建
环境工程微生物学 李勇
防灭火自动化技术 刘静
电气防火技术 宋广瑞
金融与投资理财基础 邓翠薇
财务报告分析 王建琼
财务风险管理 董大勇
产品及品牌管理 范婷
会计学B 陶莹
应用统计 罗煜
应用统计 苏兆国
西方经济学 李芳芳
微观经济学 涂锦
微观经济学 韩文丽
英语口译初步 徐露明
管理学原理 陶思宇
管理学原理 易海燕
宏观经济学 廖周伟
经济法 张晶
货币银行学 王剑虹
统计学 孟开文
合同法 邓翠薇
运筹学Ⅰ 李军
运筹学Ⅰ 赵冬梅
国际金融 窦祥胜
工程经济学 李海波
海关制度与通关 刘小梅
市场调查与预测 徐元栋
财政学 谭滨
当代中国经济概论 李杰
人力资源管理 刘思婧
计量经济学 傅浩
会计学基础 马晓维
财务管理学A 王剑虹
房地产经济学 李强
世界经济专题 祝梓翔
数据结构原理 刘盾
电子商务概论 杨莉
多媒体技术与应用A 胡节
多媒体技术与应用A 李茜
多媒体技术与应用A 杨莉
互联网应用程序设计A 杨莉
电子商务安全技术 熊件根
物流与供应链管理 代颖
系统工程A 王少华
投资经济学A 祝梓翔
组织行为学 敬永春
工程造价案例分析 李旭升
近世代数A 罗荣
近世代数A 徐芒
常微分方程A 黎定仕
常微分方程A 潘志刚
常微分方程A 袁俭
线性代数A 阳锐顺
线性代数A 张爱丽
线性代数A 周正春
线性代数B 邓丽
线性代数B 丁浩
线性代数B 韩玫
线性代数B 代守信
劳动法学 杨珊
高等数学Ⅰ 陈金喜
高等数学Ⅰ 黄天民
复变函数 卿铭
复变函数 谢灵红
复变函数与积分变换B 谢灵红
数学建模B 丁修勇
数学建模B 薛长虹
数值计算B 黄玉芳
非参数统计 郑海涛
数值分析 陈罗平
数学史 孟华
数学分析I 范小明
数学分析I 肖建波
数学分析I 张航
数学分析II 肖建波
实变函数A 陈金喜
抽样调查与试验设计 刘赪
统计预测与决策 王健鹏
微机与接口技术实验 杨斌
数字图像处理A 杨凯
光电检测技术A 彭建平
大学物理AⅡ 王辉
BadProfPosition: 大学物理AⅡ 王秩文
大学物理AⅡ 王秩文
大学物理AⅡ 周小红
BadProfPosition: 大学物理实验Ⅱ 魏云
大学物理实验Ⅱ 魏云
大学物理BⅡ 崔占涛
大学物理BⅡ 朱浩
工程项目评估 陆绍凯
毒品与艾滋病基础知识及其防治 童志平
BadProfPosition: 海洋生物探索 赵焕瑛
海洋生物探索 赵焕瑛
药物化学 单连海
药用高分子材料 单连海
BadProfPosition: 工程化学B 胡爱琳
工程化学B 胡爱琳
工程化学B 盛草樱
BadProfPosition: 工程化学B 宋红
工程化学B 宋红
工程化学B 张志斌
微生物学 郭泰林
生物信息学B 郭建秀
生物工程专题 王枢
消防燃烧学 李涛
材料力学AⅠ 史智
流体力学C 杨顺生
流体力学 张明禄
建筑力学1 王朝明
实验心理学 冉俐雯
心理电影赏析 蒋洪波
心理电影赏析 汪小容
心理统计与SPSSⅠ 肖放
组织行为学B 田瑞琪
大学生职业心理素质教育 杨兴鹏
情绪心理学 李德芳
人格心理学 陈华
教育心理学C 高燕
实验心理学Ⅰ 冉俐雯
人体解剖学 唐静
养心与养生 唐静
马克思主义基本原理 邵春波
中国近现代史纲要 雷斌
中国近现代史纲要 陈洁
中国近现代史纲要 徐文生
政府公共关系学A 杨桓
现代西方政治思想史 李子重
思想道德修养与法律基础 鞠廷英
BadProfPosition: 形势与政策1 刘咏梅
形势与政策1 刘咏梅
形势与政策1 许义文
形势与政策1 徐文生
BadProfPosition: 形势与政策3 韩瑞
形势与政策3 韩瑞
形势与政策3 杨都强
形势与政策3 赵晨
形势与政策3 李艳梅
健美操与瘦身原理 李鸿
物联世界，互联网+ 闫连山
大地测量学基础 游为
英语Ⅰ（艺术类） 苗妙
线性代数A 何瑞文
现代通信原理 郝莉
英语Ⅰ 金艾
日本文化及礼仪 辻佳代子
选线课程设计 杨明
土木工程经济与项目管理A 李远富
城市轨道车辆工程 王伯铭
材料成型计算机模拟 谢延敏
建筑材料A 潘绍伟
工程测量A1 任自珍
自动化技术基础 孟祥印
大学物理AⅡ 钟晓春
职业生涯与发展规划 郭立昌
信息系统安全工程 李晓航
模拟电子技术A 康萍
专业英语（软件工程） 朱焱
大学物理BⅡ 王莉
数据库原理 陶宏才
机械原理 刘光帅
大学生爱情心理学 高飞
新生成长发展指导与训练 马淑琴
工程材料 孙红亮
医药与人类社会 张兴国
概率论与数理统计B 陈崇双
钢结构设计原理 余志祥
组织行为学B 俞丽萍
理论力学B 郑小武
信号与系统A 王小川
控制工程基础 苏燕辰
人体解剖与生理学 赵安莎
BadProfPosition: 生物医学电子与传感技术实验 常向荣
生物医学电子与传感技术实验 常向荣
高分子化学 王进
工程材料 万国江
影视音乐赏析 汪漾
材料性能（双语） 万国江
BadProfPosition: 生物医学工程基础 常向荣
生物医学工程基础 常向荣
电路分析与模拟电子技术B 王英
英语综合能力MⅠ 陈丽颖
单片机原理与应用（机械） 宁静
数据库原理与应用A 宁静
知识经济与创新 杨会丽
电路与电子技术基础 李冀昆
高等数学Ⅰ 何瑞文
Creo三维造型 梁萍
材料科学基础AⅠ 范希梅
信息论与编码A 彭代渊
英语Ⅰ 里娜
通信电路A 王平
数据结构A 翟东海
德国文化导论 莫光华
马克思主义基本原理 杨东
现代公共管理技术与方法 周贤永
生物化学A 李遂焰
经济法A 张晶
基础会计学 胡杨
光纤与光缆技术 严映律
管理会计学B 周奇志
CPA税法 周嘉南
微分方程数值解 徐跃良
大学物理AⅡ 孙燕云
魅力物理 孙燕云
通用学术英语 张国琳
建筑材料A 崔圣爱
商业银行经营管理 余江
压力管理与健康人生 高飞
现代控制理论A 汪晓宁
工程光学A 严映律
复变函数与积分变换B 杨守健
通用学术英语 高玉华
经济学原理 朱冬梅
职业生涯与发展规划 吴晓雄
高级语言程序设计 彭博
高等数学Ⅰ 陈桂玲
城市设计 唐由海
大学生心理健康 董洁
毛泽东思想和中国特色社会主义理论体系概论Ⅱ 刘占祥
马克思主义基本原理 马晓燕
高等数学CⅠ 范翠丽
大学计算机基础A 刘倩
线性代数B 王中宝
卫星定位技术与方法 熊永良
管理信息系统B 单承戈
地震工程学导论 孙晓丹
多媒体技术与图像处理 陈俊周
机电液一体化技术导论 肖世德
金属切削理论与刀具设计 王金栋
马克思主义基本原理 康厚德
高级语言程序设计实验 陈帆
工科数学分析MI 邓绍高
高等数学Ⅰ 杨守健
BadProfPosition: 交通纵横 文超
交通纵横 文超
高等数学Ⅰ 张爱丽
生命科学导论 徐柳
高等数学BⅠ 肖艳
高等数学Ⅰ 韩流冰
幸福心理学 雷鸣
数学分析V 崔庆
大学计算机基础B 刘霓
电路分析A（含实验）Ⅱ 徐英雷
高等数学Ⅰ 田俐萍
生物物理 翁杰
BadProfPosition: 材料表面技术 杨川
材料表面技术 杨川
线性代数M 秦应兵
中药学 马超英
文学中的生活教育 李自芬
GIS原理与方法 齐华
高等数学Ⅰ 吴建乐
思想道德修养与法律基础 何洪涛
工程力学C 师明星
英语Ⅰ 王蕾
经济学原理I 雷晓明
BadProfPosition: 机械工程中的仿真 曹中清
机械工程中的仿真 曹中清
工科数学分析MI 秦应兵
高等数学Ⅰ 潘小东
测量学 孙美玲
民事诉讼法学 李永泉
傅立叶分析 彭小春
材料力学AⅠ 唐达培
通用学术英语 王茜
电路分析A（含实验）Ⅱ 谭永霞
大学计算机基础A 戴克俭
BadProfPosition: 测绘编程技术 袁成忠
测绘编程技术 袁成忠
大学物理AⅡ 贾欣燕
工程材料 景凤娟
马克思主义基本原理 张世萍
马克思主义基本原理 严冰
法理学 饶艾
内部控制制度 饶翠华
叙事学 王长才
有机化学II 张小荣
工程力学C 喻勇
通用学术英语 付华权
形式逻辑 张世萍
通用学术英语 杨璐
高等数学Ⅱ 薛长虹
电路分析 马冰
大学计算机基础A 景红
电路分析BⅡ 郭爱
理论力学B 葛玉梅
通用学术英语 唐咏雪
财务管理 康明惠
英语Ⅰ 陈越
高等数学Ⅰ 叶建军
高等数学Ⅰ 阳锐顺
房屋建筑学 钱宜菊
控制工程基础 陈春俊
电磁场与电磁波A 刘运林
中国近现代史纲要 钟勇华
工科数学分析MI 樊明书
线性代数B 韩流冰
音乐与人生 教学团队
思想道德修养与法律基础 许义文
卫星定位技术与方法 冯威
高级英语阅读AIII 赵蓉
英语Ⅱ 陈思本
编译原理B 丁光耀
营销学 唐志红
概率论与数理统计B 李裕奇
算法设计与分析 黄海于
操作系统分析与设计 胡晓鹏
机械原理 谢进
大学物理AⅡ 张星辉
复变函数与积分变换B 龚智勇
数字电子技术B 邸志雄
电路分析A（含实验）Ⅱ 郭爱
电路分析A（含实验）Ⅱ 马冰
电磁场 朱峰
大学物理AⅡ 罗林
运筹学基础 徐跃良
大学物理MII 吴平
通用学术英语 冯抒琴
工程力学A 杨帆
量子力学 贾焕玉
高等数学Ⅰ 赵海良
高等数学Ⅰ 薛长虹
线性代数B 梁涛
模拟电子技术A 胡香荣
英语Ⅰ 肖晶
数字电子技术A 叶文霞
大学物理AⅡ 曾勇
BadProfPosition: 仪器分析 熊维巧
仪器分析 熊维巧
工程流体力学 禹华谦
遥感原理与应用 慎利
遥感数字图像处理 蔡国林
模拟电子技术A 王丹
工程力学C 蒋晗
BadProfPosition: 电磁场 严仲明
电磁场 严仲明
信息论与编码A 唐小虎
结构力学BⅡ 罗永坤
客户关系管理 苗苗
BadProfPosition: 微机原理及应用 谭克利
微机原理及应用 谭克利
BadProfPosition: 数学素养训练 杨晓伟
数学素养训练 杨晓伟
物流市场营销 王坤
能源与环境 范美坤
英语Ⅰ 何大吉
计算机组成原理B 马永强
事故预测原理与方法 胥川
混凝土结构设计原理 龙若迅
毛泽东思想和中国特色社会主义理论体系概论Ⅱ 李子重
BadProfPosition: 高级语言程序设计 郝晓枫
高级语言程序设计 郝晓枫
土力学B 罗强
微机原理（含实验） 张怡
土力学B 杨兵
数字信号处理（含实验） 余志斌
材料成型加工技术基础A 鲁雄
结构力学BⅡ 刘蓉华
物流信息管理（含实验） 章雪岩
计算机网络 张新有
信息论与编码A 李恒超
结构力学BⅡ 黄慧萱
机械制图B 杨宁学
新药研究与开发 万军
线性代数B 吴冲
高等数学Ⅰ 孟华
数值计算C 陈章友
工程流体力学 麦继婷
毛泽东思想和中国特色社会主义理论体系概论Ⅱ 徐文生
人工智能A 乔少杰
毛泽东思想和中国特色社会主义理论体系概论Ⅱ 魏人民
商法学 黄亮
生物传感器原理及应用（双语） 永远
大学物理AⅠ 何钰
运筹学（运输）Ⅱ 寇玮华
组织行为学 田斌
数字信号处理 曾蓉
交通运输规划原理 杨飞
数据库管理系统 邱小平
解析几何 崔宁伟
工科数学分析 叶建军
材料力学AⅠ 朱志武
数学物理方法 周涛
宪法学 杨道现
误差理论与测量平差基础 游为
生物化学 廖海
理论力学B 刘菲
计算物理基础 林文斌
游泳 易述鲜
高等数学Ⅰ 刘秀峰
英语Ⅲ(地学RSGI) 王焰
通用学术英语 孙莉萍
电工技术A 徐英雷
电工技术A 王英
线性代数B 陈新红
大学语文 周东升
西方哲学流派及其反思 罗敏
信息安全综合实验 李晓航
BadProfPosition: 军事理论 周虹霞
军事理论 周虹霞
单片机原理及应用 蒋朝根
外贸运输与保险 胡骥
外贸运输与保险 蒋赛
城市规划原理A 李明
交通管理与控制 罗霞
可靠性工程 吴海涛
企业资源计划（ERP） 陈宁
BadProfPosition: 企业资源计划（ERP） 梁宏斌
企业资源计划（ERP） 梁宏斌
企业资源计划（ERP） 张小强
专业英语 高宏力
机械工程制图Ⅱ 梁萍
机械工程制图Ⅱ 田怀文
机械工程制图Ⅱ 张胜霞
制造技术A 梁红琴
制造技术A 彭新宇
制造技术A 宋小欣
机械制图综合实践 曾明华
现代起重与工程机械技术 程文明
精益生产与现代企业管理 王少华
列车网络概论 倪文波
汽车开发设计从经典到现代 丁渭平
工程概论 董大伟
工程概论 刘光帅
机械综合设计Ⅱ 张祖涛
内燃机原理 李人宪
热能动力机械基础 周斌
有限元法基础 卢耀辉
精密测控与系统课程设计 李艳萍
专业课程设计(车辆-汽车方向) 刘平
建筑设计原理I 沈中伟
建筑构成 涂永斌
建筑材料B 杨彦克
工程制图 王枢
室内设计B 涂永斌
城市规划概论 贺昌全
基础工程B 罗书学
基础工程B 彭雄志
基础工程B 杨兵
基础工程B 于志强
基础工程B 朱明
外国建筑史 王梅
专业外语 武守信
建筑施工概论 黄喜兵
土木工程概论A 李远富
土木工程概论A 艾长发
土木工程概论A 李小珍
土木工程概论A 周晓军
土木工程概论A 邓荣贵
土木工程概论A 李彤梅
土木工程概论A 马龙祥
土木工程概论A 刘昌清
土木工程概论A 赵坪锐
土木工程概论A 周正峰
土木工程概论A 祝兵
土木工程概论A 杨其新
土木工程概论A 朱明
土木工程概论A 杨成
土木工程概论A 常志旺
土木工程概论A 刘学毅
土木工程概论A 陆阳
土木工程概论A 申爱国
土木工程概论A 王明年
土木工程概论A 马建林
土木工程概论A 黄国庆
土木工程概论A 张锐
土木工程概论A 罗强
土木工程概论A 阳恩慧
土木工程概论A 蒲黔辉
土木工程概论A 龚伦
土木工程概论A 彭雄志
土木工程概论A 周强
土木工程概论A 刘艳辉
土木工程概论A 苏谦
土木工程概论A 李永乐
土木工程概论A 晏启祥
土木工程概论A 张继春
土木工程概论A 李力
土木工程概论A 王平
土木工程概论A 赵人达
土木工程概论A 漆泰岳
土木工程概论A 崔凯
土木工程概论A 李明水
土木工程概论A 杨荣山
土木工程概论A 廖海黎
土木工程概论A 全晓娟
土木工程概论A 杨涛
土木工程概论A 潘家鼎
土木工程概论A 易思蓉
土木工程概论A 邱延峻
BadProfPosition: 土木工程概论A 钱永久
土木工程概论A 钱永久
BadProfPosition: 土木工程概论A 仇文革
土木工程概论A 仇文革
土木工程概论A 张迎宾
BadProfPosition: 土木工程概论A 赵世春
土木工程概论A 赵世春
土木工程概论A 郑史雄
土木工程概论A 张志强
土木工程概论A 毛坚强
土木工程概论A 林拥军
轨道交通列车运行控制 张亚东
高级编程课程设计 喻琇瑛
未来无线通信新技术 陈庆春
DSP技术及应用 王勇
信息论与编码 唐小虎
BadProfPosition: 数字电子技术A实验 杨磊
数字电子技术A实验 杨磊
BadProfPosition: 数字电子技术B实验 贾岱松
数字电子技术B实验 贾岱松
操作系统 胡晓鹏
计算机程序设计基础 钟灿
计算机程序设计基础 陈小平
计算机程序设计基础 戴克俭
计算机程序设计基础 张旭丽
计算机程序设计基础 冯晓红
计算机程序设计基础 刘金艳
计算机程序设计基础 刘军
计算机程序设计基础 刘霓
计算机程序设计基础 刘倩
计算机程序设计基础 王坤
计算机程序设计基础 吴燕
计算机组成原理A 马永强
嵌入式系统设计与应用 杨斌
BadProfPosition: 数据建模 谭德庆
数据建模 谭德庆
管理经济学 郑亚非
职业生涯与发展规划 高飞
职业生涯与发展规划 何鹏
职业生涯与发展规划 刘娟
职业生涯与发展规划 马琼
职业生涯与发展规划 汪小容
职业生涯与发展规划 王兴起
职业生涯与发展规划 张兴博
职业生涯与发展规划 朱方方
专题训练（法理、民法、诉讼法专题） 杨成良
先秦文史经典研读 沈如泉
中国现代文学经典文本细读 王捷
BadProfPosition: 广告专业现状与未来发展 刘林沙
广告专业现状与未来发展 刘林沙
传播专业现状与未来发展 蒋宁平
艺术的修养 李珊
BadProfPosition: 歌曲作法2 景徐
歌曲作法2 景徐
现代汉语(一) 宋伶俐
手的学习与创造 肖平
国际市场营销 李晓力
民事诉讼法学 吕辉
人权法 杨道现
BadProfPosition: 专业素质与就业指导 方纲
专业素质与就业指导 方纲
西方政治制度史 杨桓
国际关系史 王君
广告造型基础 张镭
影视策划与包装Ⅰ 李钢
BadProfPosition: 影视广告创作Ⅰ 祁鸣
影视广告创作Ⅰ 祁鸣
统计软件与应用（实验） 徐元栋
统计运用软件 徐元栋
地方政府学（实验课） 程中兴
德语高级阅读Ⅱ 莫光华
德译汉Ⅱ 林克
西方文学经典选读Ⅰ 侯斌英
现代汉语Ⅱ 甘玲
古代汉语Ⅳ 栾慧
中国传统文学经典作品选读Ⅳ 高岚
专业课程设计(建环) 雷波
专业课程设计(热能) 卢耀辉
动车组制动系统 王月明
动车组总体及转向架 王伯铭
三维设计与制图 兰纯纯
三维设计与制图 孙丽丽
三维设计与制图 杨宁学
土木工程机械概论 管会生
土木工程机械概论 王海波
土木工程机械概论 吴向东
AutoCAD绘图知识 尹海涛
工效学与作业设计 郭鹏
精密仪器制造技术 彭新宇
BadProfPosition: 工程测量AⅡ 岑敏仪
工程测量AⅡ 岑敏仪
BadProfPosition: 工程测量AⅡ 黄丁发
工程测量AⅡ 黄丁发
BadProfPosition: 工程测量AⅡ 李永树
工程测量AⅡ 李永树
工程测量AⅡ 任自珍
BadProfPosition: 工程测量AⅡ 徐韶光
工程测量AⅡ 徐韶光
BadProfPosition: 工程测量C 袁林果
工程测量C 袁林果
BadProfPosition: 卫星定位技术与方法 周乐韬
卫星定位技术与方法 周乐韬
地理信息系统原理 齐华
BadProfPosition: 地理信息系统原理 徐柱
地理信息系统原理 徐柱
BadProfPosition: 地理信息系统原理 朱庆
地理信息系统原理 朱庆
BadProfPosition: 数据库原理与应用 尹帮旭
数据库原理与应用 尹帮旭
数据库原理与应用 单承戈
电路与电子技术基础 龙绪明
电路分析A1(含实验） 郭爱
电路分析A1(含实验） 马冰
电路分析A1(含实验） 谭永霞
电路分析A1(含实验） 王颖民
电路分析A1(含实验） 徐英雷
BadProfPosition: 计算机网络与通信 扈强
计算机网络与通信 扈强
计算机网络与通信 余志斌
计算机网络与通信 岳丽全
计算机网络与通信 周艳
电力电子技术（含实验） 丁娜
岩土工程 彭雄志
建筑力学2 罗永坤
建筑设计A2-1 陈玲
建筑设计A2-1 邓敬
BadProfPosition: 建筑设计A2-1 詹世鸿
建筑设计A2-1 詹世鸿
建筑设计A2-2 陈玲
建筑设计A2-2 邓敬
建筑设计A2-2 韩效
建筑设计A4-1 何晓川
建筑设计A4-1 王立品
建筑设计A4-1 祝莹
建筑设计A4-2 何晓川
建筑设计A4-2 王立品
建筑设计A4-2 祝莹
房屋建筑工程概论 许浒
线路工程 郭利康
线路工程 刘昌清
线路工程 杨明
线路工程 张家玲
城市规划设计1-1 胡劲松
城市规划设计1-1 刘弘涛
城市规划设计1-2 胡劲松
城市规划设计1-2 刘弘涛
城市规划设计3-1 蒋蓉
城市规划设计3-2 高伟
道路工程材料 阳恩慧
城市工程系统规划 杨敏
BadProfPosition: 土地管理与地籍测量 范东明
土地管理与地籍测量 范东明
土木工程制图II 李松
土木工程制图II 柳萍
土木工程制图II 王广俊
土木工程制图II 王宁
土木工程制图II 徐培强
土木工程制图II 周慧莺
土木工程制图II 杨万理
图学基础及阴影透视Ⅱ 陈继兰
BadProfPosition: 工程测量学 张献州
工程测量学 张献州
BadProfPosition: 摄影测量学 陈敏
摄影测量学 陈敏
BadProfPosition: 摄影测量学 龚涛
摄影测量学 龚涛
嵌入式系统设计与应用实验 杨斌
嵌入式系统设计与应用实验 杨慧
BadProfPosition: 铁路信号基础实验 杨武东
铁路信号基础实验 杨武东
网络化控制系统理论与应用 曾蓉
铁路调度指挥系统 刘利芳
铁路信息系统应用技术 唐慧佳
人机交互与动漫游戏 黄海于
计算机组成原理B 戴齐
半导体物理 黄整
ASIC设计原理 邸志雄
电子线路1 白天蕊
现代通信原理C 龙彦
BadProfPosition: 现代通信原理C 杨柳
现代通信原理C 杨柳
移动计算 邢焕来
物联网技术与应用B 叶佳
BadProfPosition: 物联网技术与应用实验 吴宗玲
物联网技术与应用实验 吴宗玲
列车运行控制系统 张亚东
铁路信号系统 刘利芳
电磁场与电磁波 刘运林
单片机原理与应用 蒋朝根
硬件综合课程设计 蒋朝根
算法分析与设计 杜圣东
计算机图形学实验 楼新远
电子线路实验1 王平
数据结构实验 赵宏宇
操作系统实验 胡晓鹏
计算机组成原理实验 何蓉
BadProfPosition: 铁路信号系统实验 杨武东
铁路信号系统实验 杨武东
BadProfPosition: 电子制作入门 龙文杰
电子制作入门 龙文杰
BadProfPosition: 机器人创意编程及课程设计 白雅娜
机器人创意编程及课程设计 白雅娜
BadProfPosition: C语言环境下的电脑鼠开发课程设计 李颖
C语言环境下的电脑鼠开发课程设计 李颖
铁路选线与设计 易思蓉
铁路选线与设计 张家玲
计算机网络技术及应用 崔波
货物学 蔡正洪
技术经济学 帅斌
机车车辆与列车牵引计算 石红国
机车车辆与列车牵引计算 殷勇
机车车辆与列车牵引计算 张杰
中国现当代文学作品选读 段从学
英语Ⅵ 涂阳敦
英语教学及高级翻译实践 胡婧
翻译实践（德语） 唐弦韵
对外汉语教学实践 商拓
工程英语阅读II 易红
日语视听Ⅲ 李海振
BadProfPosition: 法语报刊阅读II 法外教
法语报刊阅读II 法外教
法语文学选读II 唐佳路
英语口语Ⅱ 李勇
高级英语B 付华权
高级英语B 高玉华
高级英语B 王茜
职场英语 陈芳
职场英语 陈丽颖
职场英语 冯抒琴
职场英语 蒋婧
职场英语 刘波
电力电子技术（含实验） 郭小舟
电力电子技术（含实验） 陆可
电力电子技术（含实验） 宋文胜
电力电子技术（含实验） 王滢
电力电子技术（含实验） 吴松荣
电力系统分析（含实验） 黄彦全
电力系统分析（含实验） 刘炜
电力系统分析（含实验） 张丽
电力系统分析（含实验） 张雪霞
接触网工程 董昭德
接触网工程 方岩
接触网工程 韩峰
电力系统自动装置 甘亚东
电力系统自动装置 康积涛
电力系统自动装置 李奇
电力系统自动装置 马庆安
电力系统自动装置 童晓阳
列车电气装备与系统 王涛
通信原理（含实验） 向军
计算机网络（含实验） 苟先太
传感器原理及应用（含实验） 华泽玺
BadProfPosition: 现代通信技术（含实验） 许伟
现代通信技术（含实验） 许伟
数据库原理与应用（含实验） 周艳
单片机与嵌入式系统（含实验） 晏寄夫
数字图像处理（含实验） 黄进
计算机图形学（含实验） 苏虎
电子技术A 关美华
电子技术A 李冀昆
电子技术A 王英
电子技术A 张晓龙
BadProfPosition: 电工与电子技术基础A 董亮
电工与电子技术基础A 董亮
电工与电子技术基础A 何圣仲
电工与电子技术基础A 李冀昆
BadProfPosition: 电工与电子技术基础A 严仲明
电工与电子技术基础A 严仲明
电工与电子技术 张静
数据结构与程序设计 岳丽全
BadProfPosition: 软件设计综合实验 扈强
软件设计综合实验 扈强
软件设计综合实验 黄进
软件设计综合实验 李建兵
软件设计综合实验 唐鹏
电机学B 郭冀岭
数字高程模型 齐华
BadProfPosition: 土木工程地质 陈强
土木工程地质 陈强
BadProfPosition: 土木工程地质 郭永春
土木工程地质 郭永春
BadProfPosition: 土木工程地质 吕小平
土木工程地质 吕小平
BadProfPosition: 土木工程地质 文江泉
土木工程地质 文江泉
BadProfPosition: 土木工程地质 谢强
土木工程地质 谢强
BadProfPosition: 土木工程地质 赵文
土木工程地质 赵文
BadProfPosition: 土木工程地质 赵晓彦
土木工程地质 赵晓彦
建筑热环境 杨坤丽
建筑声环境 毛良河
建筑前期策划 赵爽峰
西方当代建筑思潮 韩效
无障碍环境设计概论 蔡燕歆
城市规划原理II 蒋蓉
遥感技术 汤家法
BadProfPosition: 城市地理学 钱志鸿
城市地理学 钱志鸿
城市规划管理与法规 冯月
城市生态与环境A 黄瑞
区域景观及风景区规划 陈睿智
硬质景观 胡月萍
游憩学原理 陈睿智
景观建筑历史与理论（英文） 杨青娟
BadProfPosition: 专业外语(地质） 赵晓彦
专业外语(地质） 赵晓彦
土木工程试验与量测技术A 蔡宏儒
BadProfPosition: 土木工程试验与量测技术A 冯岚
土木工程试验与量测技术A 冯岚
土木工程试验与量测技术A 高玉峰
建筑结构 韩君伟
BadProfPosition: 空间分析 张红
空间分析 张红
桥渡设计 任宝良
桥渡设计 汪斌
BadProfPosition: 空间数据结构 叶健
空间数据结构 叶健
城市轨道交通地下工程设计与施工 于丽
城市轨道交通高架结构设计与施工 刘德军
城市轨道交通轨道工程 陈嵘
道路工程 邱延峻
地下工程 蒋雅君
地震工程学导论 王建
铁路技规 何必胜
铁路技规 左大杰
编组站工作自动化 李力
编组站工作自动化 鲁工圆
城市轨道交通规划与设计 朱志国
城市轨道交通运营管理 黄鉴
供应链管理 蹇明
供应链管理 王群智
交通规划原理 蒋阳升
交通需求分析与预测试验 沈旅欧
交叉口信号配时方案设计试验 卢小钊
交通设计 刘澜
综合交通枢纽 刘昱岗
路基与路面工程 杨达
交通需求管理 沈旅欧
城市公交运营调度管理 杨飞
铁路运输组织 薛锋
安全心理学 郭孜政
交通运输安全法规 汪江洪
交通运输安全技术 唐智慧
交通运输安全管理 张南
交通安全规划 张之勇
交通运输事故调查与案例分析 张之勇
货物运输组织B 蔡正洪
货物运输组织A 黄兴建
货物运输组织A 李雪芹
货物运输组织A 李宗平
货物运输组织A 汤银英
城市轨道交通运营管理 陶思宇
城市轨道交通行车组织（含实验） 李力
最优化理论与方法 赵军
行车组织A 马驷
行车组织A 彭其渊
行车组织A 闫海峰
行车组织A 燕鹏飞
物流学 李国旗
物流学 肖蕾
物流学 杨鶤
物流学 张小强
交通运输安全导论 张开冉
BadProfPosition: 职场英语 尹思婧
职场英语 尹思婧
BadProfPosition: 英语口语-交际与文化 李海
英语口语-交际与文化 李海
BadProfPosition: 英语口语-交际与文化 孙念红
英语口语-交际与文化 孙念红
英语口语-交际与文化 王焰
英语口语-交际与文化 夏玉立
英语口语-交际与文化 张国琳
英语口语-思辨与学术 程凯文
英语口语-思辨与学术 胡霞
英语口语-思辨与学术 刘静
电机学AI 刘黎
信号与系统（含实验） 郭爱
信号与系统（含实验） 王颖民
高速铁路车网电气关系 刘志刚
BadProfPosition: 技术革命与创新方法论 刘志祥
技术革命与创新方法论 刘志祥
信息处理的广阔天地 金炜东
智能电子装备 胡鹏飞
嵌入式系统与智能化 戴小文
传感器与检测装置 华泽玺
城轨牵引传动技术的发展 郭育华
电气科学家及创新创业漫谈 何晓琼
现代交直流电力电子变换器系统及应用 舒泽亮
铁道电气化与自动化 吴积钦
高速铁路供电系统概论 解绍锋
新能源发电技术概论 李奇
轨道交通牵引系统漫谈 葛兴来
高速铁路弓网关系概论及前沿技术研讨 张静
高速铁路牵引供电新技术导论 陈民武
高电压探秘 高国强
跨界思维与创新研究探索 周福林
嵌入式系统及应用 戴小文
电路与电子技术基础 张晓龙
机器人技术纵横谈 马磊
CRH动车组牵引传动控制及计算 宋文胜
CRH动车组控制电路及故障分析 郭育华
CRH动车组控制电路及故障分析 丁娜
电工和电子技术基础 徐英雷
电气工程师理论基础 符玲
计算机视觉技术前沿 权伟
电气工程概论 胡海涛
电气工程概论 黄景春
电气工程概论 权伟
